Choose a capacity for the binary heap: 
Options:
1 - Insert a new item into the binary heap
2 - Set the key of a specified item
3 - Delete a specified item
4 - Perform a deleteMin
5 - Quit
Choose an option: Enter an id string (to insert): Enter an associated integer key: 
Call to 'insert' returned: 0

Options:
1 - Insert a new item into the binary heap
2 - Set the key of a specified item
3 - Delete a specified item
4 - Perform a deleteMin
5 - Quit
Choose an option: Enter an id string (to insert): Enter an associated integer key: 
Call to 'insert' returned: 0

Options:
1 - Insert a new item into the binary heap
2 - Set the key of a specified item
3 - Delete a specified item
4 - Perform a deleteMin
5 - Quit
Choose an option: Enter an id string (to insert): Enter an associated integer key: 
Call to 'insert' returned: 0

Options:
1 - Insert a new item into the binary heap
2 - Set the key of a specified item
3 - Delete a specified item
4 - Perform a deleteMin
5 - Quit
Choose an option: Enter an id string (to insert): Enter an associated integer key: 
Call to 'insert' returned: 0

Options:
1 - Insert a new item into the binary heap
2 - Set the key of a specified item
3 - Delete a specified item
4 - Perform a deleteMin
5 - Quit
Choose an option: Enter an id string (to insert): Enter an associated integer key: 
Call to 'insert' returned: 0

Options:
1 - Insert a new item into the binary heap
2 - Set the key of a specified item
3 - Delete a specified item
4 - Perform a deleteMin
5 - Quit
Choose an option: Enter an id string (to insert): Enter an associated integer key: 
Call to 'insert' returned: 0

Options:
1 - Insert a new item into the binary heap
2 - Set the key of a specified item
3 - Delete a specified item
4 - Perform a deleteMin
5 - Quit
Choose an option: Enter an id string (to insert): Enter an associated integer key: 
Call to 'insert' returned: 0

Options:
1 - Insert a new item into the binary heap
2 - Set the key of a specified item
3 - Delete a specified item
4 - Perform a deleteMin
5 - Quit
Choose an option: Enter an id string (to insert): Enter an associated integer key: 
Call to 'insert' returned: 0

Options:
1 - Insert a new item into the binary heap
2 - Set the key of a specified item
3 - Delete a specified item
4 - Perform a deleteMin
5 - Quit
Choose an option: Enter an id string (to insert): Enter an associated integer key: 
Call to 'insert' returned: 0

Options:
1 - Insert a new item into the binary heap
2 - Set the key of a specified item
3 - Delete a specified item
4 - Perform a deleteMin
5 - Quit
Choose an option: Enter an id string (to insert): Enter an associated integer key: 
Call to 'insert' returned: 0

Options:
1 - Insert a new item into the binary heap
2 - Set the key of a specified item
3 - Delete a specified item
4 - Perform a deleteMin
5 - Quit
Choose an option: Enter an id string (to insert): Enter an associated integer key: 
Call to 'insert' returned: 0

Options:
1 - Insert a new item into the binary heap
2 - Set the key of a specified item
3 - Delete a specified item
4 - Perform a deleteMin
5 - Quit
Choose an option: 
Call to 'deleteMin' returned: 0

Deleted item with string id "1st" and key 13

Options:
1 - Insert a new item into the binary heap
2 - Set the key of a specified item
3 - Delete a specified item
4 - Perform a deleteMin
5 - Quit
Choose an option: 
Call to 'deleteMin' returned: 0

Deleted item with string id "" and key 0

Options:
1 - Insert a new item into the binary heap
2 - Set the key of a specified item
3 - Delete a specified item
4 - Perform a deleteMin
5 - Quit
Choose an option: 
Call to 'deleteMin' returned: 0

Deleted item with string id "5th" and key 31

Options:
1 - Insert a new item into the binary heap
2 - Set the key of a specified item
3 - Delete a specified item
4 - Perform a deleteMin
5 - Quit
Choose an option: 
Call to 'deleteMin' returned: 0

Deleted item with string id "10th" and key 32

Options:
1 - Insert a new item into the binary heap
2 - Set the key of a specified item
3 - Delete a specified item
4 - Perform a deleteMin
5 - Quit
Choose an option: 
Call to 'deleteMin' returned: 0

Deleted item with string id "9th" and key 26

Options:
1 - Insert a new item into the binary heap
2 - Set the key of a specified item
3 - Delete a specified item
4 - Perform a deleteMin
5 - Quit
Choose an option: 
Call to 'deleteMin' returned: 0

Deleted item with string id "8th" and key 65

Options:
1 - Insert a new item into the binary heap
2 - Set the key of a specified item
3 - Delete a specified item
4 - Perform a deleteMin
5 - Quit
Choose an option: 
Call to 'deleteMin' returned: 0

Deleted item with string id "7th" and key 68

Options:
1 - Insert a new item into the binary heap
2 - Set the key of a specified item
3 - Delete a specified item
4 - Perform a deleteMin
5 - Quit
Choose an option: 
Call to 'deleteMin' returned: 0

Deleted item with string id "6th" and key 19

Options:
1 - Insert a new item into the binary heap
2 - Set the key of a specified item
3 - Delete a specified item
4 - Perform a deleteMin
5 - Quit
Choose an option: 
Call to 'deleteMin' returned: 0

Deleted item with string id "2nd" and key 21

Options:
1 - Insert a new item into the binary heap
2 - Set the key of a specified item
3 - Delete a specified item
4 - Perform a deleteMin
5 - Quit
Choose an option: 
Call to 'deleteMin' returned: 0

Deleted item with string id "4th" and key 24

Options:
1 - Insert a new item into the binary heap
2 - Set the key of a specified item
3 - Delete a specified item
4 - Perform a deleteMin
5 - Quit
Choose an option: 
Call to 'deleteMin' returned: 0

Deleted item with string id "11th" and key 14

Options:
1 - Insert a new item into the binary heap
2 - Set the key of a specified item
3 - Delete a specified item
4 - Perform a deleteMin
5 - Quit
Choose an option: 
Goodbye!
